2019-07-26 09:53:28.786 [main] INFO  Jeu.Config - Les paramètres du fichier de configuration config.properties ont été chargés !
2019-07-26 09:53:32.469 [main] ERROR Jeu.Jeux - Réponse inattendue dans le choix des jeux ... ce n'est pas un entier !
2019-07-26 09:53:37.292 [main] INFO  Jeu.Jeux - Mode Challenger sélectionné !
2019-07-26 09:54:24.188 [main] ERROR Jeu.Jeux - Réponse inattendue dans le choix des menus (1 à 3) ... ce n'était pas un entier !
2019-07-26 10:15:40.229 [main] INFO  Jeu.Config - Les paramètres du fichier de configuration config.properties ont été chargés !
2019-07-26 10:15:50.529 [main] INFO  Jeu.Jeux - Mode Challenger sélectionné !
2019-07-26 10:51:20.050 [main] INFO  Jeu.Config - Les paramètres du fichier de configuration config.properties ont été chargés !
2019-07-26 10:51:22.651 [main] INFO  Jeu.Jeux - Mode Challenger sélectionné !
2019-07-26 11:44:29.847 [main] INFO  Jeu.Config - Les paramètres du fichier de configuration config.properties ont été chargés !
2019-07-26 11:44:33.436 [main] INFO  Jeu.Jeux - Mode Challenger sélectionné !
2019-07-30 22:23:28.071 [main] INFO  Jeu.Config - Les paramètres du fichier de configuration config.properties ont été chargés !
2019-07-30 22:23:50.462 [main] INFO  Jeu.Jeux - Mode Challenger sélectionné !
2019-07-30 22:25:07.951 [main] INFO  Jeu.Jeux - Mode Défenseur sélectionné !
2019-07-30 22:25:59.622 [main] INFO  Jeu.Jeux - Mode Duel sélectionné !
2019-07-30 23:05:14.305 [main] INFO  Jeu.Config - Les paramètres du fichier de configuration config.properties ont été chargés !
2019-07-30 23:05:20.356 [main] ERROR Jeu.Menus - Réponse inattendue dans le choix des jeux ... l'entier saisi ne correspond à aucun jeu !
2019-07-30 23:05:23.891 [main] ERROR Jeu.Menus - Réponse inattendue dans le choix des jeux ... ce n'est pas un entier !
2019-07-30 23:05:35.245 [main] ERROR Jeu.Menus - Réponse inattendue dans le choix des jeux ... ce n'est pas un entier !
2019-07-30 23:05:38.095 [main] ERROR Jeu.Menus - Réponse inattendue dans le choix des jeux ... l'entier saisi ne correspond à aucun jeu !
2019-07-30 23:05:41.998 [main] INFO  Jeu.Menus - Mode Challenger sélectionné !
2019-07-30 23:53:58.532 [main] INFO  Jeu.Config - Les paramètres du fichier de configuration config.properties ont été chargés !
2019-07-30 23:54:01.434 [main] INFO  Jeu.Menus - Mode Challenger sélectionné !
2019-07-30 23:55:00.337 [main] INFO  Jeu.Config - Les paramètres du fichier de configuration config.properties ont été chargés !
2019-07-30 23:55:02.245 [main] INFO  Jeu.Menus - Mode Challenger sélectionné !
2019-07-30 23:56:22.228 [main] INFO  Jeu.Config - Les paramètres du fichier de configuration config.properties ont été chargés !
2019-07-30 23:56:24.796 [main] INFO  Jeu.Menus - Mode Challenger sélectionné !
2019-07-30 23:58:33.678 [main] INFO  Jeu.Config - Les paramètres du fichier de configuration config.properties ont été chargés !
2019-07-30 23:58:35.748 [main] INFO  Jeu.Menus - Mode Challenger sélectionné !
2019-07-31 00:00:40.993 [main] INFO  Jeu.Config - Les paramètres du fichier de configuration config.properties ont été chargés !
2019-07-31 00:00:43.923 [main] INFO  Jeu.Menus - Mode Challenger sélectionné !
2019-07-31 00:20:02.332 [main] INFO  Jeu.Config - Les paramètres du fichier de configuration config.properties ont été chargés !
2019-07-31 00:20:04.549 [main] INFO  Jeu.Menus - Mode Challenger sélectionné !
2019-07-31 00:26:17.764 [main] INFO  Jeu.Config - Les paramètres du fichier de configuration config.properties ont été chargés !
2019-07-31 00:26:19.921 [main] INFO  Jeu.Menus - Mode Challenger sélectionné !
2019-07-31 00:30:24.181 [main] INFO  Jeu.Menus - Mode Défenseur sélectionné !
2019-07-31 00:51:42.497 [main] INFO  Jeu.Config - Les paramètres du fichier de configuration config.properties ont été chargés !
2019-07-31 00:51:45.328 [main] INFO  Jeu.Menus - Mode Défenseur sélectionné !
2019-07-31 00:52:52.051 [main] INFO  Jeu.Menus - Mode Défenseur sélectionné !
2019-07-31 18:55:54.001 [main] INFO  Jeu.Config - Les paramètres du fichier de configuration config.properties ont été chargés !
2019-07-31 18:55:56.267 [main] INFO  Jeu.Menus - Mode Défenseur sélectionné !
2019-07-31 21:25:19.974 [main] INFO  Jeu.Config - Les paramètres du fichier de configuration config.properties ont été chargés !
2019-07-31 21:25:24.896 [main] INFO  Jeu.Menus - Mode Défenseur sélectionné !
2019-08-07 16:17:18.431 [main] INFO  Jeu.Config - Les paramètres du fichier de configuration config.properties ont été chargés !
2019-08-07 16:23:27.417 [main] ERROR Jeu.Menus - Réponse inattendue dans le choix des jeux ... ce n'est pas un entier !
2019-08-07 16:23:37.080 [main] ERROR Jeu.Menus - Réponse inattendue dans le choix des jeux ... ce n'est pas un entier !
2019-08-07 16:23:39.872 [main] ERROR Jeu.Menus - Réponse inattendue dans le choix des jeux ... l'entier saisi ne correspond à aucun jeu !
2019-08-07 16:23:42.119 [main] ERROR Jeu.Menus - Réponse inattendue dans le choix des jeux ... l'entier saisi ne correspond à aucun jeu !
2019-08-07 16:23:47.561 [main] ERROR Jeu.Menus - Réponse inattendue dans le choix des jeux ... ce n'est pas un entier !
2019-08-07 16:23:57.439 [main] INFO  Jeu.Menus - Mode Challenger sélectionné !
2019-08-07 16:39:44.014 [main] INFO  Jeu.Menus - Mode Duel sélectionné !
2019-08-07 16:48:29.590 [main] INFO  Jeu.Menus - Mode Duel sélectionné !
2019-08-07 17:06:56.665 [main] INFO  Jeu.Config - Les paramètres du fichier de configuration config.properties ont été chargés !
2019-08-07 17:07:02.102 [main] INFO  Jeu.Menus - Mode Duel sélectionné !
2019-08-07 17:15:15.918 [main] INFO  Jeu.Config - Les paramètres du fichier de configuration config.properties ont été chargés !
2019-08-07 17:15:19.418 [main] INFO  Jeu.Menus - Mode Duel sélectionné !
2019-08-07 17:18:01.354 [main] INFO  Jeu.Config - Les paramètres du fichier de configuration config.properties ont été chargés !
2019-08-07 17:18:03.739 [main] INFO  Jeu.Menus - Mode Duel sélectionné !
2019-08-07 17:24:40.621 [main] INFO  Jeu.Config - Les paramètres du fichier de configuration config.properties ont été chargés !
2019-08-07 17:24:44.383 [main] INFO  Jeu.Menus - Mode Duel sélectionné !
2019-08-07 17:41:34.889 [main] INFO  Jeu.Config - Les paramètres du fichier de configuration config.properties ont été chargés !
2019-08-07 17:41:39.093 [main] ERROR Jeu.Menus - Réponse inattendue dans le choix des jeux ... l'entier saisi ne correspond à aucun jeu !
2019-08-07 17:41:43.084 [main] INFO  Jeu.Menus - Mode Duel sélectionné !
2019-08-07 17:43:32.019 [main] INFO  Jeu.Config - Les paramètres du fichier de configuration config.properties ont été chargés !
2019-08-07 17:43:34.039 [main] INFO  Jeu.Menus - Mode Duel sélectionné !
2019-08-07 17:48:53.566 [main] INFO  Jeu.Config - Les paramètres du fichier de configuration config.properties ont été chargés !
2019-08-07 17:48:56.189 [main] INFO  Jeu.Menus - Mode Duel sélectionné !
2019-08-07 17:54:37.613 [main] INFO  Jeu.Config - Les paramètres du fichier de configuration config.properties ont été chargés !
2019-08-07 17:54:40.050 [main] INFO  Jeu.Menus - Mode Duel sélectionné !
2019-08-07 17:55:18.899 [main] INFO  Jeu.Main - Fin des Jeux
